*** Using Compiler 'V5.06 update 6 (build 750)', folder: 'd:\Keil_v5\ARM\ARMCC\Bin'
Rebuild target 'GreenLaser_Unified'
Before Build - User command #1: python boot_sdk\tools\generate_sct.py
[generate_sct] 解析 config.h...
[generate_sct] 检测到模式: uart
[generate_sct] linker.sct 无变化，跳过写入
[generate_sct] 生成 linker.sct:
  ROM: 0x08002000, 116KB
  RAM: 0x20000000, 32KB
[generate_sct] 完成!
compiling drv_manager.c...
compiling drv_base.c...
compiling signal_proc.c...
compiling drv_apd.c...
compiling main.c...
compiling app_init.c...
compiling drv_pll.c...
compiling drv_dac.c...
compiling drv_laser.c...
compiling drv_adc.c...
compiling apd_manager.c...
compiling drv_optical_switch.c...
compiling si5351.c...
compiling drv_uart.c...
compiling measure_core.c...
core\measure_core.c(191): warning:  #177-D: function "measure_iq_bins_for_path"  was declared but never referenced
  static __inline int64_t *measure_iq_bins_for_path(measure_iq_context_t *ctx, uint8_t path)
core\measure_core.c(285): warning:  #177-D: function "measure_iq_accumulate_samples"  was declared but never referenced
  static uint16_t measure_iq_accumulate_samples(const measure_dma_view_t *dma_view,
core\measure_core.c: 2 warnings, 0 errors
compiling hal_gpio.c...
compiling hal_dma.c...
compiling hal_dac.c...
compiling hal_i2c.c...
compiling hal_timer.c...
compiling hal_adc.c...
compiling board_hal_bridge.c...
compiling range_config.c...
compiling range_cache.c...
compiling hw_system.c...
compiling range_quality.c...
compiling cal_engine.c...
calibration\cal_engine.c(755): warning:  #177-D: variable "apd_source"  was declared but never referenced
          uint16_t apd_source = bestapd;
calibration\cal_engine.c: 1 warning, 0 errors
compiling range_stable.c...
compiling cmd_router.c...
compiling cmd_debug.c...
compiling cmd_calibration.c...
compiling kv_store.c...
compiling range_engine.c...
ranging\range_engine.c(135): warning:  #177-D: function "ruler_result_range_mm"  was declared but never referenced
  static uint16_t ruler_result_range_mm(const range_ctx_t *ctx)
ranging\range_engine.c: 1 warning, 0 errors
compiling flash_hal.c...
compiling cal_data.c...
compiling cmd_ranging.c...
compiling cmd_debug_shared.c...
compiling cmd_debug_capture.c...
compiling cmd_debug_phase_vbr.c...
cmd\cmd_debug_phase_vbr.c(397): warning:  #177-D: function "b6_start_freq_session"  was declared but never referenced
  static void b6_start_freq_session(uint8_t rule, uint16_t apd)
cmd\cmd_debug_phase_vbr.c(408): warning:  #177-D: function "b6_update_sample_point"  was declared but never referenced
  static void b6_update_sample_point(uint16_t apd)
cmd\cmd_debug_phase_vbr.c: 2 warnings, 0 errors
compiling frame.c...
assembling startup_gd32f30x_hd.s...
compiling cmd_debug_basic.c...
compiling cmd_system.c...
compiling cmd_laser.c...
compiling gd32f30x_it.c...
compiling systick.c...
compiling system_gd32f30x.c...
compiling gd32f30x_adc.c...
compiling gd32f30x_gpio.c...
compiling gd32f30x_spi.c...
compiling gd32f30x_exti.c...
compiling gd32f30x_pmu.c...
compiling gd32f30x_dma.c...
compiling gd32f30x_timer.c...
compiling gd32f30x_misc.c...
compiling gd32f30x_fmc.c...
compiling gd32f30x_rtc.c...
compiling gd32f30x_usart.c...
compiling gd32f30x_rcu.c...
compiling gd32f30x_fwdgt.c...
compiling gd32f30x_dac.c...
compiling gd32f30x_bkp.c...
compiling gd32f30x_i2c.c...
compiling firmware_meta_def.c...
compiling drv_usb_hw.c...
compiling upgrade_service.c...
.\config\config.h(85): warning:  #47-D: incompatible redefinition of macro "FLASH_TOTAL"  (declared at line 21 of ".\boot_sdk\shared\flash_layout.h")
  #define FLASH_TOTAL             FLASH_TOTAL_SIZE
.\config\config.h(86): warning:  #47-D: incompatible redefinition of macro "FLASH_PAGE"  (declared at line 25 of ".\boot_sdk\shared\flash_layout.h")
  #define FLASH_PAGE              FLASH_PAGE_SIZE
boot_sdk\app_upgrade\upgrade_service.c: 2 warnings, 0 errors
compiling drv_comm.c...
compiling drv_usb_cdc.c...
compiling usbd_core.c...
compiling firmware_info.c...
compiling cdc_acm_core.c...
compiling usbd_enum.c...
compiling usbd_pwr.c...
compiling usbd_transc.c...
compiling usbd_lld_int.c...
compiling usbd_lld_core.c...
linking...
Program Size: Code=62632 RO-data=9304 RW-data=284 ZI-data=11692  
FromELF: creating hex file...
After Build - User command #1: python boot_sdk\tools\post_build.py .\output\GreenLaser_Unified.hex
[post_build] 处理: .\output\GreenLaser_Unified.hex
[post_build] 地址范围: 0x08002000 - 0x08013A1C
[post_build] 固件大小: 72220 bytes (70.53 KB)
[post_build] CRC32: 0xB7A3C3BA
[post_build] GreenLaser_Unified.hex updated
[post_build] AXF更新位置: 0x234 (旧size=0xFFFFFFFF, 旧crc=0xFFFFFFFF)
[post_build] AXF文件已更新: .\output\GreenLaser_Unified.axf
[post_build] AXF更新位置: 0x234 (旧size=0x00011A1C, 旧crc=0xB7A3C3BA)
[post_build] AXF文件已更新: E:\相位\program\firmware\green\output\GreenLaser_Unified.axf
[post_build] AXF中未找到元数据 (FIRM魔数)
[post_build] 完成! app_size=0x00011A1C, app_crc=0xB7A3C3BA
[post_build] 自动加密: .\output\GreenLaser_Unified.hex → .\output\GreenLaser_Unified.enc
Parse HEX: start=0x08002000, size=72220 bytes
Encryption complete!
  Input: .\output\GreenLaser_Unified.hex
  Output: .\output\GreenLaser_Unified.enc
  Size: 72220 bytes (70.5 KB)
  Original CRC: 0x8697386E
  Encrypted CRC: 0x499360E7
  Firmware Version: V1.0.0
  Model: Green-SGL-150m
[post_build] 加密完成: .\output\GreenLaser_Unified.enc
".\output\GreenLaser_Unified.axf" - 0 Error(s), 8 Warning(s).
Build Time Elapsed:  00:00:10
