*** Using Compiler 'V5.06 update 6 (build 750)', folder: 'd:\Keil_v5\ARM\ARMCC\Bin'
Build target 'GreenLaser_Unified'
Before Build - User command #1: python boot_sdk\tools\generate_sct.py
[generate_sct] 解析 config.h...
[generate_sct] 检测到模式: uart
[generate_sct] linker.sct 无变化，跳过写入
[generate_sct] 生成 linker.sct:
  ROM: 0x08002000, 116KB
  RAM: 0x20000000, 32KB
[generate_sct] 完成!
compiling app_init.c...
compiling cmd_debug_capture.c...
compiling cmd_debug_basic.c...
compiling cmd_ranging.c...
compiling cmd_debug_phase_vbr.c...
cmd\cmd_debug_phase_vbr.c(397): warning:  #177-D: function "b6_start_freq_session"  was declared but never referenced
  static void b6_start_freq_session(uint8_t rule, uint16_t apd)
cmd\cmd_debug_phase_vbr.c(408): warning:  #177-D: function "b6_update_sample_point"  was declared but never referenced
  static void b6_update_sample_point(uint16_t apd)
cmd\cmd_debug_phase_vbr.c: 2 warnings, 0 errors
compiling cal_engine.c...
compiling apd_manager.c...
compiling range_engine.c...
ranging\range_engine.c(135): warning:  #177-D: function "ruler_result_range_mm"  was declared but never referenced
  static uint16_t ruler_result_range_mm(const range_ctx_t *ctx)
ranging\range_engine.c: 1 warning, 0 errors
compiling measure_core.c...
core\measure_core.c(191): warning:  #177-D: function "measure_iq_bins_for_path"  was declared but never referenced
  static __inline int64_t *measure_iq_bins_for_path(measure_iq_context_t *ctx, uint8_t path)
core\measure_core.c(285): warning:  #177-D: function "measure_iq_accumulate_samples"  was declared but never referenced
  static uint16_t measure_iq_accumulate_samples(const measure_dma_view_t *dma_view,
core\measure_core.c: 2 warnings, 0 errors
linking...
Program Size: Code=58016 RO-data=8416 RW-data=284 ZI-data=11692  
FromELF: creating hex file...
After Build - User command #1: python boot_sdk\tools\post_build.py .\output\GreenLaser_Unified.hex
[post_build] 处理: .\output\GreenLaser_Unified.hex
[post_build] 地址范围: 0x08002000 - 0x0801249C
[post_build] 固件大小: 66716 bytes (65.15 KB)
[post_build] CRC32: 0x1DC90503
[post_build] GreenLaser_Unified.hex updated
[post_build] AXF更新位置: 0x234 (旧size=0xFFFFFFFF, 旧crc=0xFFFFFFFF)
[post_build] AXF文件已更新: .\output\GreenLaser_Unified.axf
[post_build] AXF更新位置: 0x234 (旧size=0x0001049C, 旧crc=0x1DC90503)
[post_build] AXF文件已更新: E:\相位\program\green\output\GreenLaser_Unified.axf
[post_build] AXF中未找到元数据 (FIRM魔数)
[post_build] 完成! app_size=0x0001049C, app_crc=0x1DC90503
[post_build] 自动加密: .\output\GreenLaser_Unified.hex → .\output\GreenLaser_Unified.enc
Parse HEX: start=0x08002000, size=66716 bytes
Encryption complete!
  Input: .\output\GreenLaser_Unified.hex
  Output: .\output\GreenLaser_Unified.enc
  Size: 66716 bytes (65.2 KB)
  Original CRC: 0x7948D6CB
  Encrypted CRC: 0x87A17C88
  Firmware Version: V1.0.0
  Model: Green-SGL-150m
[post_build] 加密完成: .\output\GreenLaser_Unified.enc
".\output\GreenLaser_Unified.axf" - 0 Error(s), 5 Warning(s).
Build Time Elapsed:  00:00:04
